Added Component: Designator=P1(HDR2X15_CEN)
Added Pin To Net: NetName=GND Pin=LED-1
Added Pin To Net: NetName=GND Pin=P1-10
Added Pin To Net: NetName=GND Pin=P1-14
Added Pin To Net: NetName=SDA Pin=P1-17
Added Pin To Net: NetName=SCL Pin=P1-18
Added Pin To Net: NetName=GND Pin=P1-22
Added Pin To Net: NetName=GND Pin=P1-29
Added Pin To Net: NetName=VCC Pin=P1-30
Added Pin To Net: NetName=GND Pin=U-10
Added Pin To Net: NetName=GND Pin=U-14
Added Pin To Net: NetName=GND Pin=U-29
Added Pin To Net: NetName=3V3 Pin=P1-11
Added Pin To Net: NetName=3V3 Pin=P1-21
Added Pin To Net: NetName=3V3 Pin=U-11
Added Pin To Net: NetName=3V3 Pin=U-21
Added Net: Name=3V3
Added Pin To Net: NetName=A0 Pin=P1-1
Added Pin To Net: NetName=A0 Pin=U-1
Added Net: Name=A0
Added Pin To Net: NetName=CLK Pin=P1-9
Added Pin To Net: NetName=CLK Pin=U-9
Added Net: Name=CLK
Added Pin To Net: NetName=CMD Pin=P1-7
Added Pin To Net: NetName=CMD Pin=U-7
Added Net: Name=CMD
Added Pin To Net: NetName=D0 Pin=P1-16
Added Pin To Net: NetName=D0 Pin=U-16
Added Net: Name=D0
Added Pin To Net: NetName=D3 Pin=P1-19
Added Pin To Net: NetName=D3 Pin=U-19
Added Net: Name=D3
Added Pin To Net: NetName=D4 Pin=P1-20
Added Pin To Net: NetName=D4 Pin=U-20
Added Net: Name=D4
Added Pin To Net: NetName=D5 Pin=P1-23
Added Pin To Net: NetName=D5 Pin=U-23
Added Net: Name=D5
Added Pin To Net: NetName=D6 Pin=P1-24
Added Pin To Net: NetName=D6 Pin=U-24
Added Net: Name=D6
Added Pin To Net: NetName=D7 Pin=P1-25
Added Pin To Net: NetName=D7 Pin=R10-1
Added Pin To Net: NetName=D7 Pin=U-25
Added Net: Name=D7
Added Pin To Net: NetName=D8 Pin=P1-26
Added Pin To Net: NetName=D8 Pin=U-26
Added Net: Name=D8
Added Pin To Net: NetName=EN Pin=P1-12
Added Pin To Net: NetName=EN Pin=U-12
Added Net: Name=EN
Added Pin To Net: NetName=RST Pin=P1-13
Added Pin To Net: NetName=RST Pin=U-13
Added Net: Name=RST
Added Pin To Net: NetName=RSV1 Pin=P1-2
Added Pin To Net: NetName=RSV1 Pin=U-2
Added Net: Name=RSV1
Added Pin To Net: NetName=RSV2 Pin=P1-3
Added Pin To Net: NetName=RSV2 Pin=U-3
Added Net: Name=RSV2
Added Pin To Net: NetName=RX Pin=P1-27
Added Pin To Net: NetName=RX Pin=U-27
Added Net: Name=RX
Added Pin To Net: NetName=SD0 Pin=P1-8
Added Pin To Net: NetName=SD0 Pin=U-8
Added Net: Name=SD0
Added Pin To Net: NetName=SD1 Pin=P1-6
Added Pin To Net: NetName=SD1 Pin=U-6
Added Net: Name=SD1
Added Pin To Net: NetName=SD2 Pin=P1-5
Added Pin To Net: NetName=SD2 Pin=U-5
Added Net: Name=SD2
Added Pin To Net: NetName=SD3 Pin=P1-4
Added Pin To Net: NetName=SD3 Pin=U-4
Added Net: Name=SD3
Added Pin To Net: NetName=TX Pin=P1-28
Added Pin To Net: NetName=TX Pin=U-28
Added Net: Name=TX
Added Pin To Net: NetName=VIN Pin=P1-15
Added Pin To Net: NetName=VIN Pin=U-15
Added Net: Name=VIN
Added Member To Class: ClassName=main Member=Component P1 Header 15X2A
